<?xml version="1.0" encoding="UTF-8"?>
<!-- Generated by org.testng.reporters.JUnitReportReporter -->
<testsuite hostname="LAPTOP-00LJ2KLV" name="youxiang.login" tests="1" failures="0" timestamp="25 Mar 2019 03:35:24 GMT" time="6.122" errors="0">
  <testcase name="bdenglu" time="6.122" classname="youxiang.login"/>
</testsuite> <!-- youxiang.login -->
